[14:34:45] [ServerMain/INFO]: Environment: Environment[sessionHost=https://sessionserver.mojang.com, servicesHost=https://api.minecraftservices.com, name=PROD]
[14:34:48] [ServerMain/INFO]: Loaded 1290 recipes
[14:34:49] [Server thread/INFO]: Starting minecraft server version 1.21
[14:34:49] [Server thread/INFO]: Loading properties
[14:34:49] [Server thread/INFO]: This server is running CraftBukkit version 4263-Spigot-491f367-bed1e3f (MC: 1.21) (Implementing API version 1.21-R0.1-SNAPSHOT)
[14:34:50] [Server thread/INFO]: *** This version of Spigot contains changes to some enums. If you notice that plugins no longer work after updating, please report this to the developers of those plugins first. ***
[14:34:50] [Server thread/INFO]: *** If you cannot update those plugins, you can try setting `settings.compatibility.enum-compatibility-mode` to `true` in `bukkit.yml`. ***
[14:34:50] [Server thread/INFO]: Server Ping Player Sample Count: 12
[14:34:50] [Server thread/INFO]: Using 4 threads for Netty based IO
[14:34:50] [Server thread/INFO]: Debug logging is disabled
[14:34:50] [Server thread/INFO]: Default game type: SURVIVAL
[14:34:50] [Server thread/INFO]: Generating keypair
[14:34:50] [Server thread/INFO]: Starting Minecraft server on 0.0.0.0:26786
[14:34:50] [Server thread/INFO]: Using epoll channel type
[14:34:51] [Server thread/WARN]: Initializing Legacy Material Support. Unless you have legacy plugins and/or data this is a bug!
[14:35:02] [Server thread/WARN]: Legacy plugin StartupCommands v0.0.6 does not specify an api-version.
[14:35:02] [Server thread/WARN]: Legacy plugin ShutDown v1.12.6 does not specify an api-version.
[14:35:02] [Server thread/INFO]: [SimpleTpa] Loading SimpleTpa v7.1
[14:35:02] [Server thread/INFO]: [StartupCommands] Loading StartupCommands v0.0.6
[14:35:02] [Server thread/INFO]: [TAB] Loading TAB v4.1.6
[14:35:02] [Server thread/INFO]: [SkinsRestorer] Loading SkinsRestorer v15.4.0
[14:35:02] [Server thread/INFO]: [ShutDown] Loading ShutDown v1.12.6
[14:35:02] [Server thread/INFO]: [playit-gg] Loading playit-gg v0.1.4
[14:35:02] [Server thread/INFO]: [SkinsRestorer] Enabling SkinsRestorer v15.4.0
[14:35:05] [Server thread/INFO]: [33;1m[[32;22mSkinsRestorer[33;1m] [0;39m[32;1mRunning on Minecraft [33;1m1.21[32;1m.[0;39m
[14:35:07] [Server thread/WARN]: **** SERVER IS RUNNING IN OFFLINE/INSECURE MODE!
[14:35:07] [Server thread/WARN]: The server will make no attempt to authenticate usernames. Beware.
[14:35:07] [Server thread/WARN]: While this makes the game possible to play without internet access, it also opens up the ability for hackers to connect with any username they choose.
[14:35:07] [Server thread/WARN]: To change this, set "online-mode" to "true" in the server.properties file.
[14:35:07] [Server thread/INFO]: Preparing level "world"
[14:35:07] [Server thread/INFO]: -------- World Settings For [world] --------
[14:35:07] [Server thread/INFO]: View Distance: 10
[14:35:07] [Server thread/INFO]: Simulation Distance: 10
[14:35:07] [Server thread/INFO]: Item Despawn Rate: 6000
[14:35:07] [Server thread/INFO]: Item Merge Radius: 2.5
[14:35:07] [Server thread/INFO]: Allow Zombie Pigmen to spawn from portal blocks: true
[14:35:07] [Server thread/INFO]: Arrow Despawn Rate: 1200 Trident Respawn Rate:1200
[14:35:07] [Server thread/INFO]: Zombie Aggressive Towards Villager: true
[14:35:07] [Server thread/INFO]: Nerfing mobs spawned from spawners: false
[14:35:07] [Server thread/INFO]: Experience Merge Radius: 3.0
[14:35:07] [Server thread/INFO]: Mob Spawn Range: 6
[14:35:07] [Server thread/INFO]: Cactus Growth Modifier: 100%
[14:35:07] [Server thread/INFO]: Cane Growth Modifier: 100%
[14:35:07] [Server thread/INFO]: Melon Growth Modifier: 100%
[14:35:07] [Server thread/INFO]: Mushroom Growth Modifier: 100%
[14:35:07] [Server thread/INFO]: Pumpkin Growth Modifier: 100%
[14:35:07] [Server thread/INFO]: Sapling Growth Modifier: 100%
[14:35:07] [Server thread/INFO]: Beetroot Growth Modifier: 100%
[14:35:07] [Server thread/INFO]: Carrot Growth Modifier: 100%
[14:35:07] [Server thread/INFO]: Potato Growth Modifier: 100%
[14:35:07] [Server thread/INFO]: Wheat Growth Modifier: 100%
[14:35:07] [Server thread/INFO]: NetherWart Growth Modifier: 100%
[14:35:07] [Server thread/INFO]: Vine Growth Modifier: 100%
[14:35:07] [Server thread/INFO]: Cocoa Growth Modifier: 100%
[14:35:07] [Server thread/INFO]: Bamboo Growth Modifier: 100%
[14:35:07] [Server thread/INFO]: SweetBerry Growth Modifier: 100%
[14:35:07] [Server thread/INFO]: Kelp Growth Modifier: 100%
[14:35:07] [Server thread/INFO]: TwistingVines Growth Modifier: 100%
[14:35:07] [Server thread/INFO]: WeepingVines Growth Modifier: 100%
[14:35:07] [Server thread/INFO]: CaveVines Growth Modifier: 100%
[14:35:07] [Server thread/INFO]: Entity Activation Range: An 32 / Mo 32 / Ra 48 / Mi 16 / Tiv true / Isa false
[14:35:07] [Server thread/INFO]: Entity Tracking Range: Pl 48 / An 48 / Mo 48 / Mi 32 / Di 128 / Other 64
[14:35:07] [Server thread/INFO]: Hopper Transfer: 8 Hopper Check: 1 Hopper Amount: 1 Hopper Can Load Chunks: false
[14:35:07] [Server thread/INFO]: Custom Map Seeds:  Village: 10387312 Desert: 14357617 Igloo: 14357618 Jungle: 14357619 Swamp: 14357620 Monument: 10387313 Ocean: 14357621 Shipwreck: 165745295 End City: 10387313 Slime: 987234911 Nether: 30084232 Mansion: 10387319 Fossil: 14357921 Portal: 34222645
[14:35:07] [Server thread/INFO]: Max TNT Explosions: 100
[14:35:07] [Server thread/INFO]: Tile Max Tick Time: 50ms Entity max Tick Time: 50ms
[14:35:07] [Server thread/INFO]: -------- World Settings For [world_nether] --------
[14:35:07] [Server thread/INFO]: View Distance: 10
[14:35:07] [Server thread/INFO]: Simulation Distance: 10
[14:35:07] [Server thread/INFO]: Item Despawn Rate: 6000
[14:35:07] [Server thread/INFO]: Item Merge Radius: 2.5
[14:35:07] [Server thread/INFO]: Allow Zombie Pigmen to spawn from portal blocks: true
[14:35:07] [Server thread/INFO]: Arrow Despawn Rate: 1200 Trident Respawn Rate:1200
[14:35:07] [Server thread/INFO]: Zombie Aggressive Towards Villager: true
[14:35:07] [Server thread/INFO]: Nerfing mobs spawned from spawners: false
[14:35:07] [Server thread/INFO]: Experience Merge Radius: 3.0
[14:35:07] [Server thread/INFO]: Mob Spawn Range: 6
[14:35:07] [Server thread/INFO]: Cactus Growth Modifier: 100%
[14:35:07] [Server thread/INFO]: Cane Growth Modifier: 100%
[14:35:07] [Server thread/INFO]: Melon Growth Modifier: 100%
[14:35:07] [Server thread/INFO]: Mushroom Growth Modifier: 100%
[14:35:07] [Server thread/INFO]: Pumpkin Growth Modifier: 100%
[14:35:07] [Server thread/INFO]: Sapling Growth Modifier: 100%
[14:35:07] [Server thread/INFO]: Beetroot Growth Modifier: 100%
[14:35:07] [Server thread/INFO]: Carrot Growth Modifier: 100%
[14:35:07] [Server thread/INFO]: Potato Growth Modifier: 100%
[14:35:07] [Server thread/INFO]: Wheat Growth Modifier: 100%
[14:35:07] [Server thread/INFO]: NetherWart Growth Modifier: 100%
[14:35:07] [Server thread/INFO]: Vine Growth Modifier: 100%
[14:35:07] [Server thread/INFO]: Cocoa Growth Modifier: 100%
[14:35:07] [Server thread/INFO]: Bamboo Growth Modifier: 100%
[14:35:07] [Server thread/INFO]: SweetBerry Growth Modifier: 100%
[14:35:07] [Server thread/INFO]: Kelp Growth Modifier: 100%
[14:35:07] [Server thread/INFO]: TwistingVines Growth Modifier: 100%
[14:35:07] [Server thread/INFO]: WeepingVines Growth Modifier: 100%
[14:35:07] [Server thread/INFO]: CaveVines Growth Modifier: 100%
[14:35:07] [Server thread/INFO]: Entity Activation Range: An 32 / Mo 32 / Ra 48 / Mi 16 / Tiv true / Isa false
[14:35:07] [Server thread/INFO]: Entity Tracking Range: Pl 48 / An 48 / Mo 48 / Mi 32 / Di 128 / Other 64
[14:35:07] [Server thread/INFO]: Hopper Transfer: 8 Hopper Check: 1 Hopper Amount: 1 Hopper Can Load Chunks: false
[14:35:07] [Server thread/INFO]: Custom Map Seeds:  Village: 10387312 Desert: 14357617 Igloo: 14357618 Jungle: 14357619 Swamp: 14357620 Monument: 10387313 Ocean: 14357621 Shipwreck: 165745295 End City: 10387313 Slime: 987234911 Nether: 30084232 Mansion: 10387319 Fossil: 14357921 Portal: 34222645
[14:35:07] [Server thread/INFO]: Max TNT Explosions: 100
[14:35:07] [Server thread/INFO]: Tile Max Tick Time: 50ms Entity max Tick Time: 50ms
[14:35:14] [Server thread/INFO]: -------- World Settings For [world_the_end] --------
[14:35:14] [Server thread/INFO]: View Distance: 10
[14:35:14] [Server thread/INFO]: Simulation Distance: 10
[14:35:14] [Server thread/INFO]: Item Despawn Rate: 6000
[14:35:14] [Server thread/INFO]: Item Merge Radius: 2.5
[14:35:14] [Server thread/INFO]: Allow Zombie Pigmen to spawn from portal blocks: true
[14:35:14] [Server thread/INFO]: Arrow Despawn Rate: 1200 Trident Respawn Rate:1200
[14:35:14] [Server thread/INFO]: Zombie Aggressive Towards Villager: true
[14:35:14] [Server thread/INFO]: Nerfing mobs spawned from spawners: false
[14:35:14] [Server thread/INFO]: Experience Merge Radius: 3.0
[14:35:14] [Server thread/INFO]: Mob Spawn Range: 6
[14:35:14] [Server thread/INFO]: Cactus Growth Modifier: 100%
[14:35:14] [Server thread/INFO]: Cane Growth Modifier: 100%
[14:35:14] [Server thread/INFO]: Melon Growth Modifier: 100%
[14:35:14] [Server thread/INFO]: Mushroom Growth Modifier: 100%
[14:35:14] [Server thread/INFO]: Pumpkin Growth Modifier: 100%
[14:35:14] [Server thread/INFO]: Sapling Growth Modifier: 100%
[14:35:14] [Server thread/INFO]: Beetroot Growth Modifier: 100%
[14:35:14] [Server thread/INFO]: Carrot Growth Modifier: 100%
[14:35:14] [Server thread/INFO]: Potato Growth Modifier: 100%
[14:35:14] [Server thread/INFO]: Wheat Growth Modifier: 100%
[14:35:14] [Server thread/INFO]: NetherWart Growth Modifier: 100%
[14:35:14] [Server thread/INFO]: Vine Growth Modifier: 100%
[14:35:14] [Server thread/INFO]: Cocoa Growth Modifier: 100%
[14:35:14] [Server thread/INFO]: Bamboo Growth Modifier: 100%
[14:35:14] [Server thread/INFO]: SweetBerry Growth Modifier: 100%
[14:35:14] [Server thread/INFO]: Kelp Growth Modifier: 100%
[14:35:14] [Server thread/INFO]: TwistingVines Growth Modifier: 100%
[14:35:14] [Server thread/INFO]: WeepingVines Growth Modifier: 100%
[14:35:14] [Server thread/INFO]: CaveVines Growth Modifier: 100%
[14:35:14] [Server thread/INFO]: Entity Activation Range: An 32 / Mo 32 / Ra 48 / Mi 16 / Tiv true / Isa false
[14:35:14] [Server thread/INFO]: Entity Tracking Range: Pl 48 / An 48 / Mo 48 / Mi 32 / Di 128 / Other 64
[14:35:14] [Server thread/INFO]: Hopper Transfer: 8 Hopper Check: 1 Hopper Amount: 1 Hopper Can Load Chunks: false
[14:35:14] [Server thread/INFO]: Custom Map Seeds:  Village: 10387312 Desert: 14357617 Igloo: 14357618 Jungle: 14357619 Swamp: 14357620 Monument: 10387313 Ocean: 14357621 Shipwreck: 165745295 End City: 10387313 Slime: 987234911 Nether: 30084232 Mansion: 10387319 Fossil: 14357921 Portal: 34222645
[14:35:14] [Server thread/INFO]: Max TNT Explosions: 100
[14:35:14] [Server thread/INFO]: Tile Max Tick Time: 50ms Entity max Tick Time: 50ms
[14:35:14] [Server thread/INFO]: Preparing start region for dimension minecraft:overworld
[14:35:15] [Worker-Main-1/INFO]: Preparing spawn area: 0%
[14:35:15] [Worker-Main-1/INFO]: Preparing spawn area: 0%
[14:35:15] [Server thread/INFO]: Time elapsed: 1359 ms
[14:35:15] [Server thread/INFO]: Preparing start region for dimension minecraft:the_nether
[14:35:16] [Worker-Main-1/INFO]: Preparing spawn area: 0%
[14:35:16] [Server thread/INFO]: Time elapsed: 450 ms
[14:35:16] [Server thread/INFO]: Preparing start region for dimension minecraft:the_end
[14:35:16] [Worker-Main-1/INFO]: Preparing spawn area: 0%
[14:35:16] [Server thread/INFO]: Time elapsed: 212 ms
[14:35:16] [Server thread/INFO]: [SimpleTpa] Enabling SimpleTpa v7.1
[14:35:16] [Server thread/INFO]: [SimpleTpa] If you need support contact me at https://discord.gg/SZUkza9
[14:35:16] [Server thread/INFO]: [SimpleTpa] Simple Tpa has been enabled on version 7.1
[14:35:16] [Server thread/INFO]: Enabled metrics. You may opt-out by changing plugins/bStats/config.yml
[14:35:16] [Server thread/INFO]: [StartupCommands] Enabling StartupCommands v0.0.6
[14:35:16] [Server thread/INFO]: Queuing 1 startup command.
[14:35:16] [Server thread/INFO]: [TAB] Enabling TAB v4.1.6
[14:35:16] [Server thread/INFO]: [TAB] Loaded NMS hook in 222ms
[14:35:18] [Server thread/INFO]: [TAB] Enabled in 969ms
[14:35:18] [Server thread/INFO]: [ShutDown] Enabling ShutDown v1.12.6
[14:35:18] [Server thread/INFO]: [ShutDown]  - - - - - - - - - - - - - - - - - - - - - - - 
[14:35:18] [Server thread/INFO]: [ShutDown]  Plugin active!
[14:35:18] [Server thread/INFO]: [ShutDown]  Author: Flubio
[14:35:18] [Server thread/INFO]: [ShutDown]  ShutDown v.1.12.6
[14:35:18] [Server thread/INFO]: [ShutDown]  - - - - - - - - - - - - - - - - - - - - - - - 
[14:35:18] [Server thread/INFO]: [playit-gg] Enabling playit-gg v0.1.4
[14:35:20] [Thread-10/INFO]: secret key found, checking
[14:35:20] [Thread-10/INFO]: check secret
[14:35:20] [Server thread/INFO]: Server permissions file permissions.yml is empty, ignoring it
[14:35:20] [Server thread/INFO]: Done (13.178s)! For help, type "help"
[14:35:20] [Server thread/INFO]: [StartupCommands] Executing command: shutdown 18000
[14:35:20] [Server thread/INFO]: [ShutDown] Server is stopping in 18000 seconds
[14:35:20] [Craft Scheduler Thread - 1/INFO]: [33;1m[[32;22mSkinsRestorer[33;1m] [0;39m[32;1m----------------------------------------------[0;39m
[14:35:20] [Craft Scheduler Thread - 1/INFO]: [33;1m[[32;22mSkinsRestorer[33;1m] [0;39m[32;1m    +==================+[0;39m
[14:35:20] [Craft Scheduler Thread - 1/INFO]: [33;1m[[32;22mSkinsRestorer[33;1m] [0;39m[32;1m    |   SkinsRestorer  |[0;39m
[14:35:20] [Craft Scheduler Thread - 1/INFO]: [33;1m[[32;22mSkinsRestorer[33;1m] [0;39m[32;1m    |------------------|[0;39m
[14:35:20] [Craft Scheduler Thread - 1/INFO]: [33;1m[[32;22mSkinsRestorer[33;1m] [0;39m[32;1m    |  [34;1m[4m[21mStandalone Mode[0;39m[32;1m |[0;39m
[14:35:20] [Craft Scheduler Thread - 1/INFO]: [33;1m[[32;22mSkinsRestorer[33;1m] [0;39m[32;1m    +==================+[0;39m
[14:35:20] [Craft Scheduler Thread - 1/INFO]: [33;1m[[32;22mSkinsRestorer[33;1m] [0;39m[32;1m----------------------------------------------[0;39m
[14:35:20] [Craft Scheduler Thread - 1/INFO]: [33;1m[[32;22mSkinsRestorer[33;1m] [0;39m[36;1m    Version: [32;1m15.4.0[0;39m
[14:35:20] [Craft Scheduler Thread - 1/INFO]: [33;1m[[32;22mSkinsRestorer[33;1m] [0;39m[36;1m    Commit: [32;1m7837da9[0;39m
[14:35:20] [Craft Scheduler Thread - 1/INFO]: [33;1m[[32;22mSkinsRestorer[33;1m] [0;39m[32;1m    This is the latest version![0;39m
[14:35:20] [Craft Scheduler Thread - 1/INFO]: [33;1m[[32;22mSkinsRestorer[33;1m] [0;39m[32;1m----------------------------------------------[0;39m
[14:35:21] [Thread-10/INFO]: found minecraft java tunnel: telephone-refrigerator.joinmc.link
[14:35:21] [Thread-10/INFO]: keys and tunnel setup
[14:35:21] [Thread-10/INFO]: playit.gg: tunnel setup
[14:35:21] [Thread-10/INFO]: playit.gg: telephone-refrigerator.joinmc.link
[14:35:22] [Thread-10/WARN]: Got IO error working with :control.playit.gg/2602:fbaf:848:0:0:0:0:1, error : java.net.SocketException: Network is unreachable
[14:35:22] [Thread-10/INFO]: request queued, waiting 1 second before resend
[14:35:22] [Server thread/INFO]: [Server] The Server is stopping in 18000 seconds!
[14:35:23] [Thread-10/INFO]: request queued, waiting 1 second before resend
[14:39:24] [Thread-10/INFO]: send keep alive
[14:43:24] [Thread-10/INFO]: send keep alive
[14:47:25] [Thread-10/INFO]: send keep alive
[14:51:25] [Thread-10/INFO]: send keep alive
[14:55:25] [Thread-10/INFO]: send keep alive
[14:59:25] [Thread-10/INFO]: send keep alive
[15:03:25] [Thread-10/INFO]: send keep alive
[15:07:26] [Thread-10/INFO]: send keep alive
[15:11:26] [Thread-10/INFO]: send keep alive
[15:15:26] [Thread-10/INFO]: send keep alive
[15:19:26] [Thread-10/INFO]: send keep alive
[15:23:27] [Thread-10/INFO]: send keep alive
[15:27:27] [Thread-10/INFO]: send keep alive
[15:31:27] [Thread-10/INFO]: send keep alive
[15:35:27] [Thread-10/INFO]: send keep alive
[15:39:28] [Thread-10/INFO]: send keep alive
[15:43:28] [Thread-10/INFO]: send keep alive
[15:47:28] [Thread-10/INFO]: send keep alive
[15:51:28] [Thread-10/INFO]: send keep alive
[15:55:28] [Thread-10/INFO]: send keep alive
[15:59:29] [Thread-10/INFO]: send keep alive
[16:03:29] [Thread-10/INFO]: send keep alive
[16:07:29] [Thread-10/INFO]: send keep alive
[16:11:29] [Thread-10/INFO]: send keep alive
[16:15:30] [Thread-10/INFO]: send keep alive
[16:19:30] [Thread-10/INFO]: send keep alive
[16:23:30] [Thread-10/INFO]: send keep alive
[16:27:30] [Thread-10/INFO]: send keep alive
[16:31:30] [Thread-10/INFO]: send keep alive
[16:31:56] [Thread-10/INFO]: got new client: NewClient{connectAddr=147.185.221.18:28369, peerAddr=98.97.1.141:33460, claimAddress=209.25.142.2:43784, claimToken=[44, 0, 60, -109, -71, -35, 18, 110, -47, 98, 97, 1, -115, -126, -76, 12, -111, 96, -72, -85, 8, 102, -91, 32, -4, 0, 0, 0, 0, 0, 2, 112, -8, 0, 0, 0, 0, 0, 52, -82, 86, 6, -72, -85, 8, 0, 0, 0, 0, 3, 0, 0, 0, 0, 0, 0, 0, 2, 0, 1, 9, 56, -18, -128, 100, -87, -114, 40, 125, -105, 91, -60, -76, -94, -103, 2], tunnelServerId=2, dataCenterId=3}
[16:31:56] [Thread-10/INFO]: starting tcp tunnel for client
[16:31:56] [Thread-10/INFO]: start connection to /209.25.142.2:43784 to claim client
[16:31:56] [nioEventLoopGroup-2-1/INFO]: connected to tunnel server, sending claim token
[16:31:56] [nioEventLoopGroup-2-1/INFO]: claim token sent
[16:31:56] [nioEventLoopGroup-2-1/INFO]: connection to tunnel server has been established
[16:31:56] [nioEventLoopGroup-2-1/INFO]: Reflect: ReflectionHelper{ServerConnection=class net.minecraft.server.network.ServerConnection, LegacyPingHandler=class net.minecraft.server.network.LegacyPingHandler, MinecraftServer=class net.minecraft.server.MinecraftServer, PacketSplitter=class net.minecraft.network.PacketSplitter, PacketDecoder=class net.minecraft.network.PacketDecoder, EnumProtocolDirection=class net.minecraft.network.protocol.EnumProtocolDirection, PacketPrepender=class net.minecraft.network.PacketPrepender, PacketEncoder=class net.minecraft.network.PacketEncoder, NetworkManagerServer=class net.minecraft.network.NetworkManagerServer, NetworkManager=class net.minecraft.network.NetworkManager, HandshakeListener=class net.minecraft.server.network.HandshakeListener, PacketListener=interface net.minecraft.network.PacketListener, CraftServer=null}
[16:31:56] [nioEventLoopGroup-2-1/INFO]: failed to get Minecraft server from Bukkit.getServer()
[16:31:56] [nioEventLoopGroup-2-1/INFO]: connecting to minecraft server at /0.0.0.0:26786
[16:31:56] [nioEventLoopGroup-2-2/INFO]: connected to local minecraft server
[16:35:33] [Thread-10/INFO]: send keep alive
[16:39:33] [Thread-10/INFO]: send keep alive
[16:43:33] [Thread-10/INFO]: send keep alive
[16:47:33] [Thread-10/INFO]: send keep alive
[16:51:34] [Thread-10/INFO]: send keep alive
[16:55:34] [Thread-10/INFO]: send keep alive
[16:59:34] [Thread-10/INFO]: send keep alive
[17:03:34] [Thread-10/INFO]: send keep alive
[17:07:34] [Thread-10/INFO]: send keep alive
[17:11:35] [Thread-10/INFO]: send keep alive
[17:15:35] [Thread-10/INFO]: send keep alive
[17:19:35] [Thread-10/INFO]: send keep alive
[17:23:35] [Thread-10/INFO]: send keep alive
[17:27:36] [Thread-10/INFO]: send keep alive
[17:31:36] [Thread-10/INFO]: send keep alive
[17:35:36] [Thread-10/INFO]: send keep alive
[17:39:36] [Thread-10/INFO]: send keep alive
[17:43:36] [Thread-10/INFO]: send keep alive
[17:47:37] [Thread-10/INFO]: send keep alive
[17:51:37] [Thread-10/INFO]: send keep alive
[17:55:37] [Thread-10/INFO]: send keep alive
[17:59:37] [Thread-10/INFO]: send keep alive
[18:03:38] [Thread-10/INFO]: send keep alive
[18:07:38] [Thread-10/INFO]: send keep alive
[18:11:38] [Thread-10/INFO]: send keep alive
[18:15:38] [Thread-10/INFO]: send keep alive
[18:19:38] [Thread-10/INFO]: send keep alive
[18:23:39] [Thread-10/INFO]: send keep alive
[18:27:39] [Thread-10/INFO]: send keep alive
[18:31:39] [Thread-10/INFO]: send keep alive
[18:35:39] [Thread-10/INFO]: send keep alive
[18:39:39] [Thread-10/INFO]: send keep alive
[18:43:40] [Thread-10/INFO]: send keep alive
[18:47:40] [Thread-10/INFO]: send keep alive
[18:51:40] [Thread-10/INFO]: send keep alive
[18:55:40] [Thread-10/INFO]: send keep alive
[18:59:41] [Thread-10/INFO]: send keep alive
[19:03:41] [Thread-10/INFO]: send keep alive
[19:07:41] [Thread-10/INFO]: send keep alive
[19:11:41] [Thread-10/INFO]: send keep alive
[19:15:41] [Thread-10/INFO]: send keep alive
[19:19:42] [Thread-10/INFO]: send keep alive
[19:23:42] [Thread-10/INFO]: send keep alive
[19:27:42] [Thread-10/INFO]: send keep alive
[19:31:42] [Thread-10/INFO]: send keep alive
[19:35:10] [Server thread/INFO]: [Server] Server ShutDown in: 10
[19:35:15] [Server thread/INFO]: [Server] Server ShutDown in: 5
[19:35:17] [Server thread/INFO]: [Server] Server ShutDown in: 3
[19:35:18] [Server thread/INFO]: [Server] Server ShutDown in: 2
[19:35:19] [Server thread/INFO]: [Server] Server ShutDown in: 1
[19:35:21] [Server thread/INFO]: Stopping server
[19:35:21] [Server thread/INFO]: [playit-gg] Disabling playit-gg v0.1.4
[19:35:21] [Server thread/INFO]: [ShutDown] Disabling ShutDown v1.12.6
[19:35:21] [Server thread/INFO]: [SkinsRestorer] Disabling SkinsRestorer v15.4.0
[19:35:21] [Server thread/INFO]: [TAB] Disabling TAB v4.1.6
[19:35:21] [Server thread/INFO]: [TAB] Disabled in 0ms
[19:35:21] [Server thread/INFO]: [StartupCommands] Disabling StartupCommands v0.0.6
[19:35:21] [Server thread/INFO]: [SimpleTpa] Disabling SimpleTpa v7.1
[19:35:21] [Server thread/INFO]: [SimpleTpa] If you need support contact me at https://discord.gg/SZUkza9
[19:35:21] [Server thread/INFO]: [SimpleTpa] Simple Tpa has been disabled on version 7.1
[19:35:21] [Server thread/INFO]: Saving players
[19:35:21] [Server thread/INFO]: Saving worlds
[19:35:21] [Server thread/INFO]: Saving chunks for level 'ServerLevel[world]'/minecraft:overworld
[19:35:21] [Server thread/INFO]: Saving chunks for level 'ServerLevel[world_nether]'/minecraft:the_nether
[19:35:21] [Server thread/INFO]: Saving chunks for level 'ServerLevel[world_the_end]'/minecraft:the_end
[19:35:21] [Server thread/INFO]: ThreadedAnvilChunkStorage (world): All chunks are saved
[19:35:21] [Server thread/INFO]: ThreadedAnvilChunkStorage (DIM-1): All chunks are saved
[19:35:21] [Server thread/INFO]: ThreadedAnvilChunkStorage (DIM1): All chunks are saved
[19:35:21] [Server thread/INFO]: ThreadedAnvilChunkStorage: All dimensions are saved
